Configuration on demand is an incubating feature.

> Configure project :app
WARNING: The option setting 'android.defaults.buildfeatures.buildconfig=true' is deprecated.
The current default is 'false'.
It will be removed in version 9.0 of the Android Gradle plugin.
You can resolve this warning in Android Studio via `Refactor` > `Migrate BuildConfig to Gradle Build Files`

> Task :app:buildKotlinToolingMetadata UP-TO-DATE
> Task :app:checkKotlinGradlePluginConfigurationErrors
> Task :app:preBuild UP-TO-DATE
> Task :app:preReleaseBuild UP-TO-DATE
> Task :app:dataBindingMergeDependencyArtifactsRelease UP-TO-DATE
> Task :app:generateReleaseResValues UP-TO-DATE
> Task :app:generateReleaseResources UP-TO-DATE
> Task :app:mergeReleaseResources UP-TO-DATE
> Task :app:packageReleaseResources UP-TO-DATE
> Task :app:parseReleaseLocalResources UP-TO-DATE
> Task :app:dataBindingGenBaseClassesRelease UP-TO-DATE
> Task :app:generateReleaseBuildConfig UP-TO-DATE
> Task :app:generateSafeArgsRelease UP-TO-DATE
> Task :app:checkReleaseAarMetadata UP-TO-DATE
> Task :app:mapReleaseSourceSetPaths UP-TO-DATE
> Task :app:createReleaseCompatibleScreenManifests UP-TO-DATE
> Task :app:extractDeepLinksRelease UP-TO-DATE
> Task :app:processReleaseMainManifest UP-TO-DATE
> Task :app:processReleaseManifest UP-TO-DATE
> Task :app:processReleaseManifestForPackage UP-TO-DATE
> Task :app:processReleaseResources UP-TO-DATE
> Task :app:javaPreCompileRelease UP-TO-DATE
> Task :app:extractProguardFiles UP-TO-DATE
> Task :app:mergeReleaseJniLibFolders UP-TO-DATE
> Task :app:mergeReleaseNativeLibs NO-SOURCE
> Task :app:stripReleaseDebugSymbols NO-SOURCE
> Task :app:extractReleaseNativeSymbolTables NO-SOURCE
> Task :app:mergeReleaseNativeDebugMetadata NO-SOURCE
> Task :app:checkReleaseDuplicateClasses UP-TO-DATE
> Task :app:mergeReleaseArtProfile UP-TO-DATE
> Task :app:mergeReleaseShaders UP-TO-DATE
> Task :app:compileReleaseShaders NO-SOURCE
> Task :app:generateReleaseAssets UP-TO-DATE
> Task :app:mergeReleaseAssets UP-TO-DATE
> Task :app:compressReleaseAssets UP-TO-DATE
> Task :app:optimizeReleaseResources UP-TO-DATE
> Task :app:collectReleaseDependencies UP-TO-DATE
> Task :app:sdkReleaseDependencyData UP-TO-DATE
> Task :app:validateSigningRelease UP-TO-DATE
> Task :app:writeReleaseAppMetadata UP-TO-DATE
> Task :app:writeReleaseSigningConfigVersions UP-TO-DATE

> Task :app:kaptGenerateStubsReleaseKotlin
e: file:///C:/Users/usuario/Downloads/ShortReels/app/src/main/java/com/shortreels/presentation/ui/library/LibraryAndPremium.kt:91:1 Expecting a top level declaration
e: file:///C:/Users/usuario/Downloads/ShortReels/app/src/main/java/com/shortreels/presentation/ui/library/LibraryAndPremium.kt:91:9 Expecting a top level declaration
e: file:///C:/Users/usuario/Downloads/ShortReels/app/src/main/java/com/shortreels/presentation/ui/library/LibraryAndPremium.kt:91:12 Expecting a top level declaration
e: file:///C:/Users/usuario/Downloads/ShortReels/app/src/main/java/com/shortreels/presentation/ui/library/LibraryAndPremium.kt:91:13 Expecting a top level declaration
e: file:///C:/Users/usuario/Downloads/ShortReels/app/src/main/java/com/shortreels/presentation/ui/library/LibraryAndPremium.kt:91:23 Expecting a top level declaration
e: file:///C:/Users/usuario/Downloads/ShortReels/app/src/main/java/com/shortreels/presentation/ui/library/LibraryAndPremium.kt:91:24 Expecting a top level declaration
e: file:///C:/Users/usuario/Downloads/ShortReels/app/src/main/java/com/shortreels/presentation/ui/library/LibraryAndPremium.kt:91:36 Expecting a top level declaration
e: file:///C:/Users/usuario/Downloads/ShortReels/app/src/main/java/com/shortreels/presentation/ui/library/LibraryAndPremium.kt:91:37 Expecting a top level declaration
e: file:///C:/Users/usuario/Downloads/ShortReels/app/src/main/java/com/shortreels/presentation/ui/library/LibraryAndPremium.kt:91:39 Expecting a top level declaration
e: file:///C:/Users/usuario/Downloads/ShortReels/app/src/main/java/com/shortreels/presentation/ui/library/LibraryAndPremium.kt:91:40 Expecting a top level declaration
e: file:///C:/Users/usuario/Downloads/ShortReels/app/src/main/java/com/shortreels/presentation/ui/library/LibraryAndPremium.kt:91:47 imports are only allowed in the beginning of file
e: file:///C:/Users/usuario/Downloads/ShortReels/app/src/main/java/com/shortreels/services/Services.kt:45:1 Expecting a top level declaration
e: file:///C:/Users/usuario/Downloads/ShortReels/app/src/main/java/com/shortreels/services/Services.kt:45:9 Expecting a top level declaration
e: file:///C:/Users/usuario/Downloads/ShortReels/app/src/main/java/com/shortreels/services/Services.kt:45:12 Expecting a top level declaration
e: file:///C:/Users/usuario/Downloads/ShortReels/app/src/main/java/com/shortreels/services/Services.kt:45:13 Expecting a top level declaration
e: file:///C:/Users/usuario/Downloads/ShortReels/app/src/main/java/com/shortreels/services/Services.kt:45:23 Expecting a top level declaration
e: file:///C:/Users/usuario/Downloads/ShortReels/app/src/main/java/com/shortreels/services/Services.kt:45:24 Expecting a top level declaration
e: file:///C:/Users/usuario/Downloads/ShortReels/app/src/main/java/com/shortreels/services/Services.kt:45:32 imports are only allowed in the beginning of file
e: file:///C:/Users/usuario/Downloads/ShortReels/app/src/main/java/com/shortreels/utils/Extensions.kt:29:50 Expecting a top level declaration
e: file:///C:/Users/usuario/Downloads/ShortReels/app/src/main/java/com/shortreels/utils/Extensions.kt:29:51 Expecting a top level declaration
e: file:///C:/Users/usuario/Downloads/ShortReels/app/src/main/java/com/shortreels/utils/Extensions.kt:29:53 Expecting a top level declaration
e: file:///C:/Users/usuario/Downloads/ShortReels/app/src/main/java/com/shortreels/utils/Extensions.kt:29:55 Expecting a top level declaration
e: file:///C:/Users/usuario/Downloads/ShortReels/app/src/main/java/com/shortreels/utils/Extensions.kt:29:59 Expecting a top level declaration
e: file:///C:/Users/usuario/Downloads/ShortReels/app/src/main/java/com/shortreels/utils/Extensions.kt:29:60 Expecting a top level declaration
e: file:///C:/Users/usuario/Downloads/ShortReels/app/src/main/java/com/shortreels/utils/Extensions.kt:29:66 Expecting a top level declaration
e: file:///C:/Users/usuario/Downloads/ShortReels/app/src/main/java/com/shortreels/utils/Extensions.kt:29:67 Expecting a top level declaration
e: file:///C:/Users/usuario/Downloads/ShortReels/app/src/main/java/com/shortreels/utils/Extensions.kt:29:68 Expecting a top level declaration
e: file:///C:/Users/usuario/Downloads/ShortReels/app/src/main/java/com/shortreels/utils/Extensions.kt:29:69 Expecting a top level declaration
e: file:///C:/Users/usuario/Downloads/ShortReels/app/src/main/java/com/shortreels/utils/Extensions.kt:29:85 Expecting a top level declaration
e: file:///C:/Users/usuario/Downloads/ShortReels/app/src/main/java/com/shortreels/utils/Extensions.kt:29:86 Expecting a top level declaration

> Task :app:kaptGenerateStubsReleaseKotlin FAILED

FAILURE: Build failed with an exception.

* What went wrong:
Execution failed for task ':app:kaptGenerateStubsReleaseKotlin'.
> A failure occurred while executing org.jetbrains.kotlin.compilerRunner.GradleCompilerRunnerWithWorkers$GradleKotlinCompilerWorkAction
   > Compilation error. See log for more details

* Try:
> Run with --stacktrace option to get the stack trace.
> Run with --info or --debug option to get more log output.
> Run with --scan to get full insights.
> Get more help at https://help.gradle.org.

BUILD FAILED in 8s
33 actionable tasks: 2 executed, 31 up-to-date
